00:00:00.000116 main     VirtualBox XPCOM Server 6.1.28 r147628 linux.amd64 (Oct 20 2021 21:54:22) release log
00:00:00.000117 main     Log opened 2021-11-06T17:27:14.277192000Z
00:00:00.000118 main     Build Type: release
00:00:00.000119 main     OS Product: Linux
00:00:00.000120 main     OS Release: 5.10.77-3-lts
00:00:00.000120 main     OS Version: #1 SMP Thu, 04 Nov 2021 16:15:01 +0000
00:00:00.000136 main     DMI Product Name: System Product Name
00:00:00.000144 main     DMI Product Version: System Version
00:00:00.000148 main     Firmware type: UEFI
00:00:00.000584 main     Secure Boot: Disabled
00:00:00.000613 main     Host RAM: 15992MB (15.6GB) total, 14372MB (14.0GB) available
00:00:00.000615 main     Executable: /usr/lib/virtualbox/VBoxSVC
00:00:00.000615 main     Process ID: 107126
00:00:00.000616 main     Package type: LINUX_64BITS_GENERIC (OSE)
00:00:00.001861 main     IPC socket path: /tmp/.vbox-midka-ipc/ipcd
00:00:00.105153 nspr-2   VirtualBox: object creation starts
00:00:00.105196 nspr-2   Home directory: '/home/midka/.config/VirtualBox'
00:00:00.113428 nspr-2   NetIfAdpCtlOut: VBoxNetAdpCtl: Error while retrieving link speed for enp2s0f0u5: VBoxNetAdpCtl: ioctl failed: Operation not supported
00:00:00.113975 nspr-2   HostDnsMonitor: initializing
00:00:00.114106 nspr-2   NAT: resolv.conf: nameserver 192.168.42.129
00:00:00.114127 nspr-2   HostDnsMonitor: updating information
00:00:00.114145 nspr-2   HostDnsMonitor: old information
00:00:00.114147 nspr-2     no server entries
00:00:00.114149 nspr-2     no domain set
00:00:00.114150 nspr-2     no search string entries
00:00:00.114152 nspr-2   HostDnsMonitor: new information
00:00:00.114154 nspr-2     server 1: 192.168.42.129
00:00:00.114155 nspr-2     no domain set
00:00:00.114157 nspr-2     no search string entries
00:00:00.115577 nspr-2   Failed to open "/dev/vboxdrvu", errno=2, rc=VERR_VM_DRIVER_NOT_INSTALLED
00:00:00.115696 nspr-2   VD: VDInit finished with VINF_SUCCESS
00:00:00.115752 nspr-2   ERROR [COM]: aRC=NS_ERROR_FAILURE (0x80004005) aIID={027bc463-929c-40e8-bf16-fea557cd8e7e} aComponent={SystemPropertiesWrap} aText={Cannot determine default Guest Additions ISO location. Most likely they are not available}, preserve=false aResultDetail=0
00:00:00.116003 nspr-2   VirtualBox: object created
00:00:07.667515 main     VirtualBox: object deletion starts
00:00:07.667891 main     HostDnsMonitor: shutting down ...
00:00:07.668026 main     HostDnsMonitor: shut down
00:00:08.117183 Watcher  ERROR [COM]: aRC=E_ACCESSDENIED (0x80070005) aIID={d0a0163f-e254-4e5b-a1f2-011cf991c38d} aComponent={VirtualBoxWrap} aText={The object is not ready}, preserve=false aResultDetail=0
00:00:12.668106 main     {00007f29140160f0} HostPowerServiceLinux::~HostPowerServiceLinux: RTThreadWait() for 5000 ms failed with VERR_TIMEOUT
00:00:12.668487 main     VirtualBox: object deleted
